0 info it worked if it ends with ok
1 verbose cli [ 'C:\\Program Files\\nodejs\\node.exe',
1 verbose cli   'C:\\Program Files\\nodejs\\node_modules\\npm\\bin\\npm-cli.js',
1 verbose cli   'install',
1 verbose cli   'mongo' ]
2 info using npm@2.15.8
3 info using node@v4.4.7
4 verbose install initial load of D:\ReactAssignment-master\ReactAssignment\Server\package.json
5 warn package.json MyReactApp@1.0.0 No repository field.
6 warn package.json MyReactApp@1.0.0 No README data
7 verbose installManyTop reading scoped package data from D:\ReactAssignment-master\ReactAssignment\Server\node_modules\body-parser\package.json
8 verbose installManyTop reading scoped package data from D:\ReactAssignment-master\ReactAssignment\Server\node_modules\express\package.json
9 verbose installManyTop reading scoped package data from D:\ReactAssignment-master\ReactAssignment\Server\node_modules\jsonwebtoken\package.json
10 verbose installManyTop reading scoped package data from D:\ReactAssignment-master\ReactAssignment\Server\node_modules\mongoose\package.json
11 verbose installManyTop reading scoped package data from D:\ReactAssignment-master\ReactAssignment\Server\node_modules\node-movie\package.json
12 verbose readDependencies loading dependencies from D:\ReactAssignment-master\ReactAssignment\Server\package.json
13 silly cache add args [ 'mongo', null ]
14 verbose cache add spec mongo
15 silly cache add parsed spec Result {
15 silly cache add   raw: 'mongo',
15 silly cache add   scope: null,
15 silly cache add   name: 'mongo',
15 silly cache add   rawSpec: '',
15 silly cache add   spec: 'latest',
15 silly cache add   type: 'tag' }
16 silly addNamed mongo@latest
17 verbose addNamed "latest" is being treated as a dist-tag for mongo
18 info addNameTag [ 'mongo', 'latest' ]
19 silly mapToRegistry name mongo
20 silly mapToRegistry using default registry
21 silly mapToRegistry registry https://registry.npmjs.org/
22 silly mapToRegistry data Result {
22 silly mapToRegistry   raw: 'mongo',
22 silly mapToRegistry   scope: null,
22 silly mapToRegistry   name: 'mongo',
22 silly mapToRegistry   rawSpec: '',
22 silly mapToRegistry   spec: 'latest',
22 silly mapToRegistry   type: 'tag' }
23 silly mapToRegistry uri https://registry.npmjs.org/mongo
24 verbose addNameTag registry:https://registry.npmjs.org/mongo not in flight; fetching
25 verbose request uri https://registry.npmjs.org/mongo
26 verbose request no auth needed
27 info attempt registry request try #1 at 2:27:42 PM
28 verbose request id ae75b345c660814f
29 http request GET https://registry.npmjs.org/mongo
30 info retry will retry, error on last attempt: Error: connect ETIMEDOUT 151.101.8.162:443
31 info attempt registry request try #2 at 2:28:13 PM
32 http request GET https://registry.npmjs.org/mongo
33 info retry will retry, error on last attempt: Error: connect ETIMEDOUT 151.101.8.162:443
34 info attempt registry request try #3 at 2:29:34 PM
35 http request GET https://registry.npmjs.org/mongo
36 verbose stack Error: connect ETIMEDOUT 151.101.8.162:443
36 verbose stack     at Object.exports._errnoException (util.js:873:11)
36 verbose stack     at exports._exceptionWithHostPort (util.js:896:20)
36 verbose stack     at TCPConnectWrap.afterConnect [as oncomplete] (net.js:1077:14)
37 verbose cwd D:\ReactAssignment-master\ReactAssignment\Server
38 error Windows_NT 6.3.9600
39 error argv "C:\\Program Files\\nodejs\\node.exe" "C:\\Program Files\\nodejs\\node_modules\\npm\\bin\\npm-cli.js" "install" "mongo"
40 error node v4.4.7
41 error npm  v2.15.8
42 error code ETIMEDOUT
43 error errno ETIMEDOUT
44 error syscall connect
45 error network connect ETIMEDOUT 151.101.8.162:443
45 error network This is most likely not a problem with npm itself
45 error network and is related to network connectivity.
45 error network In most cases you are behind a proxy or have bad network settings.
45 error network
45 error network If you are behind a proxy, please make sure that the
45 error network 'proxy' config is set properly.  See: 'npm help config'
46 verbose exit [ 1, true ]
